  LibraryInit.c
c:\users\99738\desktop\18信工-嵌入式-严浩鹏-中期考核\工程文件\源码\libraryinit.c(10): warning C4996: 'localtime': This function or variable may be unsafe. Consider using localtime_s instead. To disable deprecation, use _CRT_SECURE_NO_WARNINGS. See online help for details.
  d:\windows kits\10\include\10.0.17763.0\ucrt\time.h(506): note: 参见“localtime”的声明
c:\users\99738\desktop\18信工-嵌入式-严浩鹏-中期考核\工程文件\源码\libraryinit.c(24): warning C4996: 'localtime': This function or variable may be unsafe. Consider using localtime_s instead. To disable deprecation, use _CRT_SECURE_NO_WARNINGS. See online help for details.
  d:\windows kits\10\include\10.0.17763.0\ucrt\time.h(506): note: 参见“localtime”的声明
c:\users\99738\desktop\18信工-嵌入式-严浩鹏-中期考核\工程文件\源码\libraryinit.c(109): warning C4996: 'fopen': This function or variable may be unsafe. Consider using fopen_s instead. To disable deprecation, use _CRT_SECURE_NO_WARNINGS. See online help for details.
  d:\windows kits\10\include\10.0.17763.0\ucrt\stdio.h(208): note: 参见“fopen”的声明
c:\users\99738\desktop\18信工-嵌入式-严浩鹏-中期考核\工程文件\源码\libraryinit.c(119): warning C4996: 'fopen': This function or variable may be unsafe. Consider using fopen_s instead. To disable deprecation, use _CRT_SECURE_NO_WARNINGS. See online help for details.
  d:\windows kits\10\include\10.0.17763.0\ucrt\stdio.h(208): note: 参见“fopen”的声明
c:\users\99738\desktop\18信工-嵌入式-严浩鹏-中期考核\工程文件\源码\libraryinit.c(124): warning C4996: 'fopen': This function or variable may be unsafe. Consider using fopen_s instead. To disable deprecation, use _CRT_SECURE_NO_WARNINGS. See online help for details.
  d:\windows kits\10\include\10.0.17763.0\ucrt\stdio.h(208): note: 参见“fopen”的声明
c:\users\99738\desktop\18信工-嵌入式-严浩鹏-中期考核\工程文件\源码\libraryinit.c(138): warning C4996: 'fopen': This function or variable may be unsafe. Consider using fopen_s instead. To disable deprecation, use _CRT_SECURE_NO_WARNINGS. See online help for details.
  d:\windows kits\10\include\10.0.17763.0\ucrt\stdio.h(208): note: 参见“fopen”的声明
c:\users\99738\desktop\18信工-嵌入式-严浩鹏-中期考核\工程文件\源码\libraryinit.c(143): warning C4996: 'fopen': This function or variable may be unsafe. Consider using fopen_s instead. To disable deprecation, use _CRT_SECURE_NO_WARNINGS. See online help for details.
  d:\windows kits\10\include\10.0.17763.0\ucrt\stdio.h(208): note: 参见“fopen”的声明
c:\users\99738\desktop\18信工-嵌入式-严浩鹏-中期考核\工程文件\源码\libraryinit.c(158): warning C4996: 'fopen': This function or variable may be unsafe. Consider using fopen_s instead. To disable deprecation, use _CRT_SECURE_NO_WARNINGS. See online help for details.
  d:\windows kits\10\include\10.0.17763.0\ucrt\stdio.h(208): note: 参见“fopen”的声明
  正在生成代码
  2 of 35 functions ( 5.7%) were compiled, the rest were copied from previous compilation.
    0 functions were new in current compilation
    0 functions had inline decision re-evaluated but remain unchanged
  已完成代码的生成
  Library_Manage_SystemV1.1.vcxproj -> C:\Users\99738\Desktop\18信工-嵌入式-严浩鹏-中期考核\工程文件\Library_Manage_SystemV1.1\Release\Library_Manage_SystemV1.1.exe
